18649-Fall-2012
group #2
Nipunn Koorapati (nkoorapa)
Jacob Olson (jholson)
Nick Mazurek (nmazurek)
Benet Clark (brclark)

Simulator Parameters:
Command line = -pf proj7acceptance1.pass -head head.txt -b 200 -fs 5.0 -monitor Proj11RuntimeMonitor
RandomSeed = 1354317919725
CanNetworkBitTime = 5000 ns
Effective Can Bitrate = 199999.99999999997
Run Time = null
Real time rate = null
Acceptance Test File = proj7acceptance1.pass
Monitors: Proj11RuntimeMonitor  

STATISTICS FOR ELEVATOR SIMULATION PASSENGER DELIVERY
-----------------------------------------------------


These passengers were delivered:
Passenger 0: INJECTED AT 600.0s and DELIVERED in 65.535s
  Satisfaction score: 65.61000000000001
    @629.900000000: 0.90 Repeated hall call press
    @630.600000000: 0.90 Repeated hall call press
    @662.335000000: 0.90 Repeated car call press
    @663.235000000: 0.90 Repeated car call press
Passenger 1: INJECTED AT 905.7s and DELIVERED in 44.527s
  Satisfaction score: 72.9
    @928.800000000: 0.90 Repeated hall call press
    @929.500000000: 0.90 Repeated hall call press
    @947.587000000: 0.90 Repeated car call press
Passenger 2: INJECTED AT 974.6s and DELIVERED in 58.508s
  Satisfaction score: 72.9
    @997.700000000: 0.90 Repeated hall call press
    @1030.228000000: 0.90 Repeated car call press
    @1030.928000000: 0.90 Repeated car call press
Passenger 3: INJECTED AT 1531.4s and DELIVERED in 13.246s
  Satisfaction score: 81.0
    @1540.700000000: 0.90 Repeated hall call press
    @1541.200000000: 0.90 Repeated hall call press
Passenger 4: INJECTED AT 2082.0s and DELIVERED in 30.564s
  Satisfaction score: 81.0
    @2091.300000000: 0.90 Repeated hall call press
    @2109.724000000: 0.90 Repeated car call press
Passenger 5: INJECTED AT 2217.5s and DELIVERED in 58.882s
  Satisfaction score: 72.9
    @2240.600000000: 0.90 Repeated hall call press
    @2241.300000000: 0.90 Repeated hall call press
    @2273.222000000: 0.90 Repeated car call press
Passenger 6: INJECTED AT 2805.4s and DELIVERED in 21.696s
  Satisfaction score: 90.0
    @2823.896000000: 0.90 Repeated car call press
Passenger 7: INJECTED AT 3269.2s and DELIVERED in 51.53s
  Satisfaction score: 81.0
    @3278.500000000: 0.90 Repeated hall call press
    @3317.690000000: 0.90 Repeated car call press
Passenger 8: INJECTED AT 3705.3s and DELIVERED in 72.567s
  Satisfaction score: 72.9
    @3742.000000000: 0.90 Repeated hall call press
    @3774.627000000: 0.90 Repeated car call press
    @3775.127000000: 0.90 Repeated car call press
Passenger 9: INJECTED AT 4204.2s and DELIVERED in 35.794s
  Satisfaction score: 45.0
    @4234.100000000: 0.90 Repeated hall call press
    @4237.114000000: 0.50 Failed to exit at 7, FRONT even though the doors opened.
Passenger 10: INJECTED AT 4487.2s and DELIVERED in 44.573s
  Satisfaction score: 72.9
    @4510.100000000: 0.90 Repeated hall call press
    @4529.013000000: 0.90 Repeated car call press
    @4529.713000000: 0.90 Repeated car call press
Passenger 11: INJECTED AT 4917.5s and DELIVERED in 58.103s
  Satisfaction score: 72.9
    @4946.800000000: 0.90 Repeated hall call press
    @4947.500000000: 0.90 Repeated hall call press
    @4972.763000000: 0.90 Repeated car call press
Passenger 12: INJECTED AT 5104.0s and DELIVERED in 45.177s
  Satisfaction score: 81.0
    @5120.500000000: 0.90 Repeated hall call press
    @5146.277000000: 0.90 Repeated car call press
Passenger 13: INJECTED AT 5553.4s and DELIVERED in 51.772s
  Satisfaction score: 81.0
    @5583.300000000: 0.90 Repeated hall call press
    @5602.372000000: 0.90 Repeated car call press
Passenger 14: INJECTED AT 5713.7s and DELIVERED in 42.828s
  Satisfaction score: 45.0
    @5750.400000000: 0.90 Repeated hall call press
    @5753.568000000: 0.50 Failed to exit at 7, BACK even though the doors opened.
Passenger 15: INJECTED AT 6184.5s and DELIVERED in 71.398s
  Satisfaction score: 72.9
    @6227.000000000: 0.90 Repeated hall call press
    @6227.700000000: 0.90 Repeated hall call press
    @6252.978000000: 0.90 Repeated car call press
Passenger 16: INJECTED AT 6407.5s and DELIVERED in 79.037s
  Satisfaction score: 81.0
    @6424.000000000: 0.90 Repeated hall call press
    @6483.297000000: 0.90 Repeated car call press
Passenger 17: INJECTED AT 6866.1s and DELIVERED in 48.791s
  Satisfaction score: 90.0
    @6911.571000000: 0.90 Repeated car call press

Passenger Delivery Summary
Delivered: 18
Stranded: 0
Total: 18

Deliver Stats (lower is better):
Average_delivery_time: 49.696
Maximum_delivery_time:  79.037
Delivery_performance_score:  277.821

Satisfaction Stats (higher is better):
Average_satisfaction_score: 73.995
Min_satisfaction_score:  45.000
Satisfaction_performance_score:  340.980




Network Utilization Summary:
Recent: 86.16 % Max: 86.16 %  Overall:  86.16 %

Monitors Warning Results: 
RuntimeMonitor generated 70 warnings.

Monitors Summmary Results: 
Overweight Count = 0
Wasted Openings = 0
Reversal Time = 0.0s

