
Simulator Parameters:
Command line = -pf ../acceptance_test/proj10acceptance1.pass -fs 5.0 -b 200 -rt 2h -monitor Proj11RuntimeMonitor
RandomSeed = 1355281403446
CanNetworkBitTime = 5000 ns
Effective Can Bitrate = 199999.99999999997
Run Time = 7200.0s
Real time rate = null
Acceptance Test File = ../acceptance_test/proj10acceptance1.pass
Monitors: Proj11RuntimeMonitor  

STATISTICS FOR ELEVATOR SIMULATION PASSENGER DELIVERY
-----------------------------------------------------


These passengers were delivered:
Passenger 9: INJECTED AT 5.0s and DELIVERED in 45.178s
  Satisfaction score: 100.0
Passenger 0: INJECTED AT 0.0s and DELIVERED in 66.475s
  Satisfaction score: 100.0
Passenger 10: INJECTED AT 6.0s and DELIVERED in 78.155s
  Satisfaction score: 100.0
Passenger 5: INJECTED AT 3.0s and DELIVERED in 96.606s
  Satisfaction score: 100.0
Passenger 7: INJECTED AT 3.0s and DELIVERED in 98.189s
  Satisfaction score: 100.0
Passenger 1: INJECTED AT 0.3s and DELIVERED in 123.759s
  Satisfaction score: 100.0
Passenger 8: INJECTED AT 4.0s and DELIVERED in 121.736s
  Satisfaction score: 100.0
Passenger 3: INJECTED AT 1.0s and DELIVERED in 126.231s
  Satisfaction score: 100.0
Passenger 6: INJECTED AT 3.0s and DELIVERED in 137.115s
  Satisfaction score: 100.0
Passenger 16: INJECTED AT 101.0s and DELIVERED in 72.391s
  Satisfaction score: 100.0
Passenger 15: INJECTED AT 100.0s and DELIVERED in 106.523s
  Satisfaction score: 100.0
Passenger 14: INJECTED AT 66.2s and DELIVERED in 173.81s
  Satisfaction score: 100.0
Passenger 13: INJECTED AT 58.0s and DELIVERED in 198.275s
  Satisfaction score: 100.0
Passenger 12: INJECTED AT 7.1s and DELIVERED in 281.192s
  Satisfaction score: 100.0
Passenger 11: INJECTED AT 7.0s and DELIVERED in 311.557s
  Satisfaction score: 100.0
Passenger 2: INJECTED AT 0.6s and DELIVERED in 398.92s
  Satisfaction score: 90.0
    @278.620000000: 0.90 Repeated hall call press
Passenger 4: INJECTED AT 2.0s and DELIVERED in 413.639s
  Satisfaction score: 90.0
    @278.620000000: 0.90 Repeated hall call press

Passenger Delivery Summary
Delivered: 17
Stranded: 0
Total: 17

Deliver Stats (lower is better):
Average_delivery_time: 167.632
Maximum_delivery_time:  413.639
Delivery_performance_score:  1084.169

Satisfaction Stats (higher is better):
Average_satisfaction_score: 98.824
Min_satisfaction_score:  90.000
Satisfaction_performance_score:  485.294




Network Utilization Summary:
Recent: 86.16 % Max: 86.16 %  Overall:  86.16 %

Monitors Warning Results: 
RuntimeMonitor generated 0 warnings.

Monitors Summmary Results: 
Overweight Count = 1
Wasted Openings = 2
Reversal Time = 24.33s

