18649-Fall-2012
group #2
Nipunn Koorapati (nkoorapa)
Jacob Olson (jholson)
Nick Mazurek (nmazurek)
Benet Clark (brclark)

Simulator Parameters:
Command line = -pf proj11acceptance1.pass -head head.txt -b 200 -fs 5.0 -monitor Proj11RuntimeMonitor
RandomSeed = 1354317832375
CanNetworkBitTime = 5000 ns
Effective Can Bitrate = 199999.99999999997
Run Time = null
Real time rate = null
Acceptance Test File = proj11acceptance1.pass
Monitors: Proj11RuntimeMonitor  

STATISTICS FOR ELEVATOR SIMULATION PASSENGER DELIVERY
-----------------------------------------------------


These passengers were delivered:
Passenger 0: INJECTED AT 10.0s and DELIVERED in 42.793s
  Satisfaction score: 90.0
    @49.273000000: 0.90 Repeated car call press
Passenger 1: INJECTED AT 46.8s and DELIVERED in 45.032s
  Satisfaction score: 65.61000000000001
    @49.300000000: 0.90 Repeated hall call press
    @50.000000000: 0.90 Repeated hall call press
    @88.472000000: 0.90 Repeated car call press
    @89.372000000: 0.90 Repeated car call press
Passenger 2: INJECTED AT 58.5s and DELIVERED in 98.457s
  Satisfaction score: 65.61000000000001
    @121.200000000: 0.90 Repeated hall call press
    @121.900000000: 0.90 Repeated hall call press
    @153.837000000: 0.90 Repeated car call press
    @154.537000000: 0.90 Repeated car call press
Passenger 3: INJECTED AT 87.5s and DELIVERED in 87.779s
  Satisfaction score: 90.0
    @172.519000000: 0.90 Repeated car call press
Passenger 6: INJECTED AT 150.7s and DELIVERED in 82.24s
  Satisfaction score: 81.0
    @211.800000000: 0.90 Repeated hall call press
    @230.340000000: 0.90 Repeated car call press
Passenger 4: INJECTED AT 128.5s and DELIVERED in 137.547s
  Satisfaction score: 72.9
    @230.400000000: 0.90 Repeated hall call press
    @262.667000000: 0.90 Repeated car call press
    @263.367000000: 0.90 Repeated car call press
Passenger 5: INJECTED AT 148.2s and DELIVERED in 154.619s
  Satisfaction score: 90.0
    @299.820000000: 0.90 Repeated car call press
Passenger 9: INJECTED AT 245.1s and DELIVERED in 84.088s
  Satisfaction score: 81.0
    @281.200000000: 0.90 Repeated hall call press
    @325.620000000: 0.90 Repeated car call press
Passenger 10: INJECTED AT 247.6s and DELIVERED in 169.576s
  Satisfaction score: 65.61000000000001
    @262.700000000: 0.90 Repeated hall call press
    @282.540000000: 0.90 Repeated hall call press
    @376.840000000: 0.90 Repeated hall call press
    @414.356000000: 0.90 Repeated car call press
Passenger 7: INJECTED AT 169.6s and DELIVERED in 249.483s
  Satisfaction score: 72.9
    @344.300000000: 0.90 Repeated hall call press
    @413.923000000: 0.90 Repeated car call press
    @414.423000000: 0.90 Repeated car call press
Passenger 11: INJECTED AT 299.6s and DELIVERED in 180.248s
  Satisfaction score: 90.0
    @458.300000000: 0.90 Repeated hall call press
Passenger 13: INJECTED AT 339.6s and DELIVERED in 141.867s
  Satisfaction score: 81.0
    @395.500000000: 0.90 Repeated hall call press
    @476.820000000: 0.90 Repeated car call press
Passenger 12: INJECTED AT 327.1s and DELIVERED in 170.729s
  Satisfaction score: 53.144100000000016
    @376.800000000: 0.90 Repeated hall call press
    @377.500000000: 0.90 Repeated hall call press
    @396.740000000: 0.90 Repeated hall call press
    @439.640000000: 0.90 Repeated hall call press
    @495.529000000: 0.90 Repeated car call press
    @496.029000000: 0.90 Repeated car call press
Passenger 15: INJECTED AT 410.8s and DELIVERED in 87.882s
  Satisfaction score: 81.0
    @413.900000000: 0.90 Repeated hall call press
    @495.420000000: 0.90 Repeated car call press
Passenger 16: INJECTED AT 432.1s and DELIVERED in 84.62s
  Satisfaction score: 90.0
    @513.860000000: 0.90 Repeated car call press
Passenger 18: INJECTED AT 523.1s and DELIVERED in 63.282s
  Satisfaction score: 72.9
    @564.800000000: 0.90 Repeated hall call press
    @565.300000000: 0.90 Repeated hall call press
    @584.102000000: 0.90 Repeated car call press
Passenger 14: INJECTED AT 351.5s and DELIVERED in 236.519s
  Satisfaction score: 59.049000000000014
    @495.600000000: 0.90 Repeated hall call press
    @515.160000000: 0.90 Repeated hall call press
    @532.260000000: 0.90 Repeated hall call press
    @583.340000000: 0.90 Repeated car call press
    @584.240000000: 0.90 Repeated car call press
Passenger 19: INJECTED AT 577.1s and DELIVERED in 28.068s
  Satisfaction score: 72.9
    @583.400000000: 0.90 Repeated hall call press
    @602.068000000: 0.90 Repeated car call press
    @602.568000000: 0.90 Repeated car call press
Passenger 8: INJECTED AT 201.4s and DELIVERED in 422.339s
  Satisfaction score: 2.53125
    @395.500000000: 0.90 Repeated hall call press
    @423.760000000: 0.50 Expected to move DOWN but moved UP
    @449.550000000: 0.50 Expected to move DOWN but moved UP
    @468.150000000: 0.50 Expected to move DOWN but moved UP
    @486.760000000: 0.50 Expected to move DOWN but moved UP
    @505.160000000: 0.50 Expected to move DOWN but moved UP
    @620.820000000: 0.90 Repeated car call press
Passenger 20: INJECTED AT 613.4s and DELIVERED in 11.874s
  Satisfaction score: 100.0
Passenger 17: INJECTED AT 471.7s and DELIVERED in 216.843s
  Satisfaction score: 59.049000000000014
    @602.000000000: 0.90 Repeated hall call press
    @622.120000000: 0.90 Repeated hall call press
    @639.620000000: 0.90 Repeated hall call press
    @685.903000000: 0.90 Repeated car call press
    @686.803000000: 0.90 Repeated car call press
Passenger 21: INJECTED AT 661.0s and DELIVERED in 92.437s
  Satisfaction score: 72.9
    @732.100000000: 0.90 Repeated hall call press
    @750.357000000: 0.90 Repeated car call press
    @751.057000000: 0.90 Repeated car call press
Passenger 22: INJECTED AT 715.3s and DELIVERED in 78.81s
  Satisfaction score: 81.0
    @789.800000000: 0.90 Repeated hall call press
    @790.300000000: 0.90 Repeated hall call press
Passenger 23: INJECTED AT 757.6s and DELIVERED in 86.852s
  Satisfaction score: 65.61000000000001
    @808.500000000: 0.90 Repeated hall call press
    @809.200000000: 0.90 Repeated hall call press
    @841.092000000: 0.90 Repeated car call press
    @841.792000000: 0.90 Repeated car call press
Passenger 24: INJECTED AT 785.1s and DELIVERED in 84.48s
  Satisfaction score: 72.9
    @841.000000000: 0.90 Repeated hall call press
    @841.700000000: 0.90 Repeated hall call press
    @866.820000000: 0.90 Repeated car call press
Passenger 25: INJECTED AT 815.8s and DELIVERED in 98.935s
  Satisfaction score: 72.9
    @885.500000000: 0.90 Repeated hall call press
    @911.295000000: 0.90 Repeated car call press
    @911.995000000: 0.90 Repeated car call press
Passenger 28: INJECTED AT 906.1s and DELIVERED in 70.915s
  Satisfaction score: 81.0
    @948.600000000: 0.90 Repeated hall call press
    @974.175000000: 0.90 Repeated car call press
Passenger 27: INJECTED AT 897.9s and DELIVERED in 105.473s
  Satisfaction score: 59.049000000000014
    @911.400000000: 0.90 Repeated hall call press
    @931.180000000: 0.90 Repeated hall call press
    @974.080000000: 0.90 Repeated hall call press
    @999.893000000: 0.90 Repeated car call press
    @1000.593000000: 0.90 Repeated car call press
Passenger 29: INJECTED AT 947.4s and DELIVERED in 92.366s
  Satisfaction score: 72.9
    @1018.500000000: 0.90 Repeated hall call press
    @1019.200000000: 0.90 Repeated hall call press
    @1037.086000000: 0.90 Repeated car call press
Passenger 26: INJECTED AT 859.0s and DELIVERED in 220.495s
  Satisfaction score: 18.225
    @929.900000000: 0.90 Repeated hall call press
    @930.600000000: 0.90 Repeated hall call press
    @958.170000000: 0.50 Expected to move UP but moved DOWN
    @983.960000000: 0.50 Expected to move UP but moved DOWN
    @1076.420000000: 0.90 Repeated car call press
Passenger 31: INJECTED AT 1022.6s and DELIVERED in 133.5s
  Satisfaction score: 81.0
    @1095.100000000: 0.90 Repeated hall call press
    @1152.860000000: 0.90 Repeated car call press
Passenger 32: INJECTED AT 1071.4s and DELIVERED in 150.088s
  Satisfaction score: 72.9
    @1152.900000000: 0.90 Repeated hall call press
    @1153.600000000: 0.90 Repeated hall call press
    @1218.020000000: 0.90 Repeated car call press
Passenger 34: INJECTED AT 1145.2s and DELIVERED in 77.429s
  Satisfaction score: 90.0
    @1185.500000000: 0.90 Repeated hall call press
Passenger 33: INJECTED AT 1129.2s and DELIVERED in 136.072s
  Satisfaction score: 72.9
    @1243.700000000: 0.90 Repeated hall call press
    @1244.400000000: 0.90 Repeated hall call press
    @1262.272000000: 0.90 Repeated car call press
Passenger 30: INJECTED AT 1002.6s and DELIVERED in 313.84s
  Satisfaction score: 13.286025000000004
    @1018.500000000: 0.90 Repeated hall call press
    @1019.000000000: 0.90 Repeated hall call press
    @1038.340000000: 0.90 Repeated hall call press
    @1134.440000000: 0.90 Repeated hall call press
    @1134.940000000: 0.90 Repeated hall call press
    @1162.760000000: 0.50 Expected to move DOWN but moved UP
    @1195.350000000: 0.50 Expected to move DOWN but moved UP
    @1313.180000000: 0.90 Repeated car call press
Passenger 36: INJECTED AT 1227.1s and DELIVERED in 90.82s
  Satisfaction score: 90.0
    @1280.600000000: 0.90 Repeated hall call press
Passenger 35: INJECTED AT 1189.6s and DELIVERED in 159.295s
  Satisfaction score: 72.9
    @1313.300000000: 0.90 Repeated hall call press
    @1345.515000000: 0.90 Repeated car call press
    @1346.415000000: 0.90 Repeated car call press
Passenger 37: INJECTED AT 1272.7s and DELIVERED in 101.371s
  Satisfaction score: 59.049000000000014
    @1280.600000000: 0.90 Repeated hall call press
    @1300.580000000: 0.90 Repeated hall call press
    @1345.680000000: 0.90 Repeated hall call press
    @1346.380000000: 0.90 Repeated hall call press
    @1371.511000000: 0.90 Repeated car call press
Passenger 38: INJECTED AT 1313.3s and DELIVERED in 79.35s
  Satisfaction score: 72.9
    @1371.600000000: 0.90 Repeated hall call press
    @1389.930000000: 0.90 Repeated car call press
    @1390.830000000: 0.90 Repeated car call press
Passenger 39: INJECTED AT 1323.5s and DELIVERED in 134.451s
  Satisfaction score: 72.9
    @1415.800000000: 0.90 Repeated hall call press
    @1416.500000000: 0.90 Repeated hall call press
    @1455.271000000: 0.90 Repeated car call press
Passenger 40: INJECTED AT 1379.1s and DELIVERED in 142.471s
  Satisfaction score: 81.0
    @1474.000000000: 0.90 Repeated hall call press
    @1518.220000000: 0.90 Repeated car call press
Passenger 43: INJECTED AT 1461.0s and DELIVERED in 85.682s
  Satisfaction score: 72.9
    @1492.500000000: 0.90 Repeated hall call press
    @1493.200000000: 0.90 Repeated hall call press
    @1544.122000000: 0.90 Repeated car call press
Passenger 45: INJECTED AT 1522.2s and DELIVERED in 57.327s
  Satisfaction score: 90.0
    @1576.687000000: 0.90 Repeated car call press
Passenger 46: INJECTED AT 1528.1s and DELIVERED in 70.535s
  Satisfaction score: 81.0
    @1576.600000000: 0.90 Repeated hall call press
    @1595.235000000: 0.90 Repeated car call press
Passenger 42: INJECTED AT 1452.4s and DELIVERED in 171.108s
  Satisfaction score: 59.049000000000014
    @1492.500000000: 0.90 Repeated hall call press
    @1512.320000000: 0.90 Repeated hall call press
    @1595.220000000: 0.90 Repeated hall call press
    @1621.148000000: 0.90 Repeated car call press
    @1621.848000000: 0.90 Repeated car call press
Passenger 41: INJECTED AT 1407.3s and DELIVERED in 216.945s
  Satisfaction score: 81.0
    @1544.200000000: 0.90 Repeated hall call press
    @1621.020000000: 0.90 Repeated car call press
Passenger 47: INJECTED AT 1556.2s and DELIVERED in 126.888s
  Satisfaction score: 53.144100000000016
    @1576.700000000: 0.90 Repeated hall call press
    @1577.400000000: 0.90 Repeated hall call press
    @1596.520000000: 0.90 Repeated hall call press
    @1653.620000000: 0.90 Repeated hall call press
    @1654.320000000: 0.90 Repeated hall call press
    @1679.568000000: 0.90 Repeated car call press
Passenger 44: INJECTED AT 1481.9s and DELIVERED in 219.42s
  Satisfaction score: 81.0
    @1621.200000000: 0.90 Repeated hall call press
    @1697.980000000: 0.90 Repeated car call press
Passenger 49: INJECTED AT 1631.7s and DELIVERED in 125.907s
  Satisfaction score: 81.0
    @1754.060000000: 0.90 Repeated car call press
    @1754.760000000: 0.90 Repeated car call press
Passenger 48: INJECTED AT 1597.5s and DELIVERED in 192.178s
  Satisfaction score: 53.144100000000016
    @1679.600000000: 0.90 Repeated hall call press
    @1680.100000000: 0.90 Repeated hall call press
    @1699.340000000: 0.90 Repeated hall call press
    @1717.040000000: 0.90 Repeated hall call press
    @1717.540000000: 0.90 Repeated hall call press
    @1786.618000000: 0.90 Repeated car call press
Passenger 50: INJECTED AT 1682.6s and DELIVERED in 108.302s
  Satisfaction score: 90.0
    @1735.700000000: 0.90 Repeated hall call press
Passenger 55: INJECTED AT 1801.6s and DELIVERED in 29.002s
  Satisfaction score: 100.0
Passenger 54: INJECTED AT 1782.2s and DELIVERED in 70.458s
  Satisfaction score: 72.9
    @1805.100000000: 0.90 Repeated hall call press
    @1849.260000000: 0.90 Repeated car call press
    @1849.960000000: 0.90 Repeated car call press
Passenger 52: INJECTED AT 1718.6s and DELIVERED in 152.024s
  Satisfaction score: 81.0
    @1786.700000000: 0.90 Repeated hall call press
    @1867.780000000: 0.90 Repeated car call press
Passenger 51: INJECTED AT 1700.9s and DELIVERED in 189.06s
  Satisfaction score: 81.0
    @1823.800000000: 0.90 Repeated hall call press
    @1886.560000000: 0.90 Repeated car call press
Passenger 57: INJECTED AT 1863.7s and DELIVERED in 63.052s
  Satisfaction score: 65.61000000000001
    @1867.800000000: 0.90 Repeated hall call press
    @1887.720000000: 0.90 Repeated hall call press
    @1905.220000000: 0.90 Repeated hall call press
    @1923.832000000: 0.90 Repeated car call press
Passenger 56: INJECTED AT 1821.4s and DELIVERED in 125.672s
  Satisfaction score: 90.0
    @1942.500000000: 0.90 Repeated hall call press
Passenger 53: INJECTED AT 1745.6s and DELIVERED in 231.933s
  Satisfaction score: 59.049000000000014
    @1849.300000000: 0.90 Repeated hall call press
    @1869.180000000: 0.90 Repeated hall call press
    @1923.880000000: 0.90 Repeated hall call press
    @1974.653000000: 0.90 Repeated car call press
    @1975.353000000: 0.90 Repeated car call press
Passenger 58: INJECTED AT 1870.0s and DELIVERED in 108.133s
  Satisfaction score: 81.0
    @1974.660000000: 0.90 Repeated car call press
    @1975.360000000: 0.90 Repeated car call press
Passenger 59: INJECTED AT 1890.0s and DELIVERED in 157.342s
  Satisfaction score: 53.144100000000016
    @1923.900000000: 0.90 Repeated hall call press
    @1924.600000000: 0.90 Repeated hall call press
    @2025.720000000: 0.90 Repeated hall call press
    @2026.420000000: 0.90 Repeated hall call press
    @2044.342000000: 0.90 Repeated car call press
    @2045.042000000: 0.90 Repeated car call press
Passenger 61: INJECTED AT 1965.2s and DELIVERED in 108.447s
  Satisfaction score: 81.0
    @2007.300000000: 0.90 Repeated hall call press
    @2070.220000000: 0.90 Repeated car call press
Passenger 63: INJECTED AT 2018.2s and DELIVERED in 92.453s
  Satisfaction score: 81.0
    @2088.900000000: 0.90 Repeated hall call press
    @2107.573000000: 0.90 Repeated car call press
Passenger 62: INJECTED AT 2011.7s and DELIVERED in 149.882s
  Satisfaction score: 90.0
    @2158.462000000: 0.90 Repeated car call press
Passenger 66: INJECTED AT 2117.699999999s and DELIVERED in 61.930000001s
  Satisfaction score: 100.0
Passenger 60: INJECTED AT 1945.2s and DELIVERED in 235.695s
  Satisfaction score: 81.0
    @2088.900000000: 0.90 Repeated hall call press
    @2176.980000000: 0.90 Repeated car call press
Passenger 64: INJECTED AT 2072.5s and DELIVERED in 109.986s
  Satisfaction score: 90.0
    @2125.800000000: 0.90 Repeated hall call press
Passenger 67: INJECTED AT 2138.199999999s and DELIVERED in 47.840000001s
  Satisfaction score: 90.0
    @2176.899999999: 0.90 Repeated hall call press
Passenger 65: INJECTED AT 2110.699999999s and DELIVERED in 145.580000001s
  Satisfaction score: 81.0
    @2227.599999999: 0.90 Repeated hall call press
    @2253.600000000: 0.90 Repeated car call press
Passenger 68: INJECTED AT 2160.8s and DELIVERED in 180.001s
  Satisfaction score: 72.9
    @2279.300000000: 0.90 Repeated hall call press
    @2337.841000000: 0.90 Repeated car call press
    @2338.341000000: 0.90 Repeated car call press
Passenger 70: INJECTED AT 2247.3s and DELIVERED in 111.701s
  Satisfaction score: 72.9
    @2337.800000000: 0.90 Repeated hall call press
    @2338.300000000: 0.90 Repeated hall call press
    @2356.521000000: 0.90 Repeated car call press
Passenger 69: INJECTED AT 2211.0s and DELIVERED in 148.751s
  Satisfaction score: 81.0
    @2356.540000000: 0.90 Repeated car call press
    @2357.040000000: 0.90 Repeated car call press
Passenger 72: INJECTED AT 2286.2s and DELIVERED in 74.721s
  Satisfaction score: 72.9
    @2305.100000000: 0.90 Repeated hall call press
    @2305.800000000: 0.90 Repeated hall call press
    @2357.040000000: 0.90 Repeated car call press
Passenger 71: INJECTED AT 2261.1s and DELIVERED in 163.588s
  Satisfaction score: 53.144100000000016
    @2305.000000000: 0.90 Repeated hall call press
    @2305.700000000: 0.90 Repeated hall call press
    @2325.220000000: 0.90 Repeated hall call press
    @2395.720000000: 0.90 Repeated hall call press
    @2396.420000000: 0.90 Repeated hall call press
    @2421.728000000: 0.90 Repeated car call press
Passenger 74: INJECTED AT 2354.0s and DELIVERED in 89.641s
  Satisfaction score: 81.0
    @2421.700000000: 0.90 Repeated hall call press
    @2440.141000000: 0.90 Repeated car call press
Passenger 73: INJECTED AT 2332.5s and DELIVERED in 169.091s
  Satisfaction score: 81.0
    @2472.800000000: 0.90 Repeated hall call press
    @2498.511000000: 0.90 Repeated car call press
Passenger 75: INJECTED AT 2408.3s and DELIVERED in 144.851s
  Satisfaction score: 59.049000000000014
    @2472.800000000: 0.90 Repeated hall call press
    @2492.620000000: 0.90 Repeated hall call press
    @2524.120000000: 0.90 Repeated hall call press
    @2524.820000000: 0.90 Repeated hall call press
    @2549.871000000: 0.90 Repeated car call press
Passenger 78: INJECTED AT 2517.8s and DELIVERED in 53.647s
  Satisfaction score: 72.9
    @2549.900000000: 0.90 Repeated hall call press
    @2550.600000000: 0.90 Repeated hall call press
    @2568.467000000: 0.90 Repeated car call press
Passenger 77: INJECTED AT 2516.7s and DELIVERED in 76.888s
  Satisfaction score: 40.5
    @2587.200000000: 0.90 Repeated hall call press
    @2587.700000000: 0.90 Repeated hall call press
    @2590.388000000: 0.50 Failed to exit at 7, BACK even though the doors opened.
Passenger 76: INJECTED AT 2468.2s and DELIVERED in 161.826s
  Satisfaction score: 59.049000000000014
    @2568.500000000: 0.90 Repeated hall call press
    @2588.380000000: 0.90 Repeated hall call press
    @2608.680000000: 0.90 Repeated hall call press
    @2627.026000000: 0.90 Repeated car call press
    @2627.726000000: 0.90 Repeated car call press
Passenger 80: INJECTED AT 2577.9s and DELIVERED in 122.294s
  Satisfaction score: 72.9
    @2678.000000000: 0.90 Repeated hall call press
    @2696.514000000: 0.90 Repeated car call press
    @2697.414000000: 0.90 Repeated car call press
Passenger 79: INJECTED AT 2534.0s and DELIVERED in 198.267s
  Satisfaction score: 81.0
    @2659.700000000: 0.90 Repeated hall call press
    @2729.380000000: 0.90 Repeated car call press
Passenger 81: INJECTED AT 2621.3s and DELIVERED in 136.936s
  Satisfaction score: 72.9
    @2729.400000000: 0.90 Repeated hall call press
    @2755.456000000: 0.90 Repeated car call press
    @2755.956000000: 0.90 Repeated car call press
Passenger 82: INJECTED AT 2669.4s and DELIVERED in 121.208s
  Satisfaction score: 81.0
    @2788.008000000: 0.90 Repeated car call press
    @2788.708000000: 0.90 Repeated car call press
Passenger 83: INJECTED AT 2720.2s and DELIVERED in 73.82s
  Satisfaction score: 90.0
    @2788.100000000: 0.90 Repeated hall call press
Passenger 84: INJECTED AT 2762.7s and DELIVERED in 47.718s
  Satisfaction score: 90.0
    @2806.600000000: 0.90 Repeated hall call press
Passenger 86: INJECTED AT 2800.4s and DELIVERED in 60.638s
  Satisfaction score: 65.61000000000001
    @2832.100000000: 0.90 Repeated hall call press
    @2832.800000000: 0.90 Repeated hall call press
    @2858.178000000: 0.90 Repeated car call press
    @2858.678000000: 0.90 Repeated car call press
Passenger 88: INJECTED AT 2819.0s and DELIVERED in 68.097s
  Satisfaction score: 81.0
    @2858.100000000: 0.90 Repeated hall call press
    @2883.897000000: 0.90 Repeated car call press
Passenger 87: INJECTED AT 2805.5s and DELIVERED in 86.985s
  Satisfaction score: 45.0
    @2884.000000000: 0.90 Repeated hall call press
    @2889.125000000: 0.50 Failed to exit at 7, BACK even though the doors opened.
Passenger 85: INJECTED AT 2764.8s and DELIVERED in 178.146s
  Satisfaction score: 65.61000000000001
    @2858.100000000: 0.90 Repeated hall call press
    @2877.960000000: 0.90 Repeated hall call press
    @2914.660000000: 0.90 Repeated hall call press
    @2940.506000000: 0.90 Repeated car call press
Passenger 89: INJECTED AT 2869.0s and DELIVERED in 151.336s
  Satisfaction score: 81.0
    @2966.300000000: 0.90 Repeated hall call press
    @3017.496000000: 0.90 Repeated car call press
Passenger 90: INJECTED AT 2910.5s and DELIVERED in 128.895s
  Satisfaction score: 65.61000000000001
    @2984.800000000: 0.90 Repeated hall call press
    @2985.500000000: 0.90 Repeated hall call press
    @3036.100000000: 0.90 Repeated car call press
    @3036.800000000: 0.90 Repeated car call press
Passenger 91: INJECTED AT 2941.3s and DELIVERED in 119.436s
  Satisfaction score: 45.0
    @3054.800000000: 0.90 Repeated hall call press
    @3057.716000000: 0.50 Failed to exit at 7, FRONT even though the doors opened.
Passenger 94: INJECTED AT 3045.8s and DELIVERED in 80.044s
  Satisfaction score: 81.0
    @3083.300000000: 0.90 Repeated hall call press
    @3122.644000000: 0.90 Repeated car call press
Passenger 96: INJECTED AT 3114.9s and DELIVERED in 13.586s
  Satisfaction score: 100.0
Passenger 93: INJECTED AT 2997.9s and DELIVERED in 186.187s
  Satisfaction score: 22.5
    @3067.350000000: 0.50 Expected to move UP but moved DOWN
    @3093.160000000: 0.50 Expected to move UP but moved DOWN
    @3181.500000000: 0.90 Repeated car call press
Passenger 95: INJECTED AT 3101.2s and DELIVERED in 146.796s
  Satisfaction score: 90.0
    @3225.900000000: 0.90 Repeated hall call press
Passenger 98: INJECTED AT 3185.4s and DELIVERED in 64.57s
  Satisfaction score: 90.0
    @3244.340000000: 0.90 Repeated car call press
Passenger 92: INJECTED AT 2961.5s and DELIVERED in 304.929s
  Satisfaction score: 59.049000000000014
    @3054.800000000: 0.90 Repeated hall call press
    @3074.360000000: 0.90 Repeated hall call press
    @3200.060000000: 0.90 Repeated hall call press
    @3200.760000000: 0.90 Repeated hall call press
    @3263.180000000: 0.90 Repeated car call press
Passenger 97: INJECTED AT 3170.3s and DELIVERED in 147.653s
  Satisfaction score: 59.049000000000014
    @3226.000000000: 0.90 Repeated hall call press
    @3245.740000000: 0.90 Repeated hall call press
    @3288.840000000: 0.90 Repeated hall call press
    @3314.713000000: 0.90 Repeated car call press
    @3315.413000000: 0.90 Repeated car call press
Passenger 99: INJECTED AT 3231.4s and DELIVERED in 138.248s
  Satisfaction score: 65.61000000000001
    @3288.900000000: 0.90 Repeated hall call press
    @3308.740000000: 0.90 Repeated hall call press
    @3340.640000000: 0.90 Repeated hall call press
    @3366.608000000: 0.90 Repeated car call press
Passenger 101: INJECTED AT 3327.0s and DELIVERED in 44.868s
  Satisfaction score: 90.0
    @3366.700000000: 0.90 Repeated hall call press
Passenger 100: INJECTED AT 3284.9s and DELIVERED in 103.989s
  Satisfaction score: 81.0
    @3385.289000000: 0.90 Repeated car call press
    @3385.989000000: 0.90 Repeated car call press
Passenger 105: INJECTED AT 3403.0s and DELIVERED in 22.081s
  Satisfaction score: 90.0
    @3422.361000000: 0.90 Repeated car call press
Passenger 103: INJECTED AT 3360.2s and DELIVERED in 91.001s
  Satisfaction score: 72.9
    @3403.900000000: 0.90 Repeated hall call press
    @3448.281000000: 0.90 Repeated car call press
    @3448.981000000: 0.90 Repeated car call press
Passenger 102: INJECTED AT 3354.8s and DELIVERED in 140.976s
  Satisfaction score: 65.61000000000001
    @3385.300000000: 0.90 Repeated hall call press
    @3405.120000000: 0.90 Repeated hall call press
    @3422.420000000: 0.90 Repeated hall call press
    @3492.780000000: 0.90 Repeated car call press
Passenger 104: INJECTED AT 3386.4s and DELIVERED in 109.791s
  Satisfaction score: 65.61000000000001
    @3466.900000000: 0.90 Repeated hall call press
    @3467.600000000: 0.90 Repeated hall call press
    @3492.671000000: 0.90 Repeated car call press
    @3493.371000000: 0.90 Repeated car call press
Passenger 106: INJECTED AT 3440.3s and DELIVERED in 100.769s
  Satisfaction score: 72.9
    @3492.800000000: 0.90 Repeated hall call press
    @3538.309000000: 0.90 Repeated car call press
    @3539.009000000: 0.90 Repeated car call press
Passenger 107: INJECTED AT 3464.0s and DELIVERED in 96.004s
  Satisfaction score: 90.0
    @3556.984000000: 0.90 Repeated car call press
Passenger 108: INJECTED AT 3475.9s and DELIVERED in 85.5s
  Satisfaction score: 100.0
Passenger 109: INJECTED AT 3479.5s and DELIVERED in 150.499s
  Satisfaction score: 65.61000000000001
    @3538.400000000: 0.90 Repeated hall call press
    @3558.160000000: 0.90 Repeated hall call press
    @3575.460000000: 0.90 Repeated hall call press
    @3627.140000000: 0.90 Repeated car call press
Passenger 110: INJECTED AT 3535.4s and DELIVERED in 113.616s
  Satisfaction score: 81.0
    @3645.540000000: 0.90 Repeated car call press
    @3646.240000000: 0.90 Repeated car call press
Passenger 111: INJECTED AT 3551.3s and DELIVERED in 101.448s
  Satisfaction score: 45.0
    @3645.600000000: 0.90 Repeated hall call press
    @3650.228000000: 0.50 Failed to exit at 7, FRONT even though the doors opened.
Passenger 112: INJECTED AT 3556.5s and DELIVERED in 115.17s
  Satisfaction score: 81.0
    @3601.400000000: 0.90 Repeated hall call press
    @3668.700000000: 0.90 Repeated car call press
Passenger 113: INJECTED AT 3581.9s and DELIVERED in 134.822s
  Satisfaction score: 59.049000000000014
    @3645.600000000: 0.90 Repeated hall call press
    @3665.580000000: 0.90 Repeated hall call press
    @3687.280000000: 0.90 Repeated hall call press
    @3713.302000000: 0.90 Repeated car call press
    @3714.002000000: 0.90 Repeated car call press
Passenger 116: INJECTED AT 3635.7s and DELIVERED in 99.134s
  Satisfaction score: 81.0
    @3713.400000000: 0.90 Repeated hall call press
    @3731.914000000: 0.90 Repeated car call press
Passenger 115: INJECTED AT 3628.7s and DELIVERED in 138.982s
  Satisfaction score: 65.61000000000001
    @3670.000000000: 0.90 Repeated hall call press
    @3687.300000000: 0.90 Repeated hall call press
    @3687.800000000: 0.90 Repeated hall call press
    @3764.700000000: 0.90 Repeated car call press
Passenger 117: INJECTED AT 3688.0s and DELIVERED in 84.531s
  Satisfaction score: 50.0
    @3769.531000000: 0.50 Failed to exit at 1, BACK even though the doors opened.
Passenger 114: INJECTED AT 3598.5s and DELIVERED in 257.843s
  Satisfaction score: 81.0
    @3764.600000000: 0.90 Repeated hall call press
    @3853.443000000: 0.90 Repeated car call press
Passenger 121: INJECTED AT 3777.0s and DELIVERED in 80.799s
  Satisfaction score: 100.0
Passenger 120: INJECTED AT 3769.1s and DELIVERED in 105.907s
  Satisfaction score: 81.0
    @3816.200000000: 0.90 Repeated hall call press
    @3872.180000000: 0.90 Repeated car call press
Passenger 118: INJECTED AT 3707.0s and DELIVERED in 170.069s
  Satisfaction score: 90.0
    @3834.900000000: 0.90 Repeated hall call press
Passenger 124: INJECTED AT 3842.7s and DELIVERED in 95.319s
  Satisfaction score: 72.9
    @3909.200000000: 0.90 Repeated hall call press
    @3909.900000000: 0.90 Repeated hall call press
    @3935.139000000: 0.90 Repeated car call press
Passenger 119: INJECTED AT 3753.9s and DELIVERED in 203.044s
  Satisfaction score: 65.61000000000001
    @3890.600000000: 0.90 Repeated hall call press
    @3891.300000000: 0.90 Repeated hall call press
    @3953.660000000: 0.90 Repeated car call press
    @3954.560000000: 0.90 Repeated car call press
Passenger 122: INJECTED AT 3813.4s and DELIVERED in 146.368s
  Satisfaction score: 81.0
    @3953.700000000: 0.90 Repeated hall call press
    @3954.400000000: 0.90 Repeated hall call press
Passenger 123: INJECTED AT 3837.3s and DELIVERED in 123.936s
  Satisfaction score: 90.0
    @3953.800000000: 0.90 Repeated hall call press
Passenger 125: INJECTED AT 3884.9s and DELIVERED in 90.274s
  Satisfaction score: 72.9
    @3935.200000000: 0.90 Repeated hall call press
    @3972.414000000: 0.90 Repeated car call press
    @3972.914000000: 0.90 Repeated car call press
Passenger 128: INJECTED AT 4004.5s and DELIVERED in 101.912s
  Satisfaction score: 72.9
    @4070.600000000: 0.90 Repeated hall call press
    @4103.132000000: 0.90 Repeated car call press
    @4104.032000000: 0.90 Repeated car call press
Passenger 127: INJECTED AT 3981.9s and DELIVERED in 163.701s
  Satisfaction score: 40.5
    @4018.600000000: 0.90 Repeated hall call press
    @4028.550000000: 0.50 Expected to move UP but moved DOWN
    @4142.780000000: 0.90 Repeated car call press
Passenger 129: INJECTED AT 4035.8s and DELIVERED in 146.738s
  Satisfaction score: 81.0
    @4161.300000000: 0.90 Repeated hall call press
    @4179.818000000: 0.90 Repeated car call press
Passenger 126: INJECTED AT 3923.2s and DELIVERED in 305.347s
  Satisfaction score: 72.9
    @4038.600000000: 0.90 Repeated hall call press
    @4161.300000000: 0.90 Repeated hall call press
    @4225.267000000: 0.90 Repeated car call press
Passenger 130: INJECTED AT 4087.7s and DELIVERED in 143.424s
  Satisfaction score: 90.0
    @4225.400000000: 0.90 Repeated hall call press
Passenger 131: INJECTED AT 4142.2s and DELIVERED in 126.315s
  Satisfaction score: 90.0
    @4264.915000000: 0.90 Repeated car call press
Passenger 132: INJECTED AT 4183.899999999s and DELIVERED in 111.724000001s
  Satisfaction score: 90.0
    @4290.999999999: 0.90 Repeated hall call press
Passenger 134: INJECTED AT 4262.3s and DELIVERED in 96.29s
  Satisfaction score: 90.0
    @4337.000000000: 0.90 Repeated hall call press
Passenger 133: INJECTED AT 4232.2s and DELIVERED in 128.88s
  Satisfaction score: 90.0
    @4355.300000000: 0.90 Repeated hall call press
Passenger 136: INJECTED AT 4318.3s and DELIVERED in 85.307s
  Satisfaction score: 81.0
    @4400.020000000: 0.90 Repeated car call press
    @4400.520000000: 0.90 Repeated car call press
Passenger 135: INJECTED AT 4266.3s and DELIVERED in 169.356s
  Satisfaction score: 72.9
    @4381.600000000: 0.90 Repeated hall call press
    @4382.300000000: 0.90 Repeated hall call press
    @4432.620000000: 0.90 Repeated car call press
Passenger 139: INJECTED AT 4421.4s and DELIVERED in 33.155s
  Satisfaction score: 90.0
    @4451.395000000: 0.90 Repeated car call press
Passenger 138: INJECTED AT 4387.8s and DELIVERED in 99.578s
  Satisfaction score: 72.9
    @4451.500000000: 0.90 Repeated hall call press
    @4452.200000000: 0.90 Repeated hall call press
    @4484.058000000: 0.90 Repeated car call press
Passenger 137: INJECTED AT 4362.399999999s and DELIVERED in 150.677000001s
  Satisfaction score: 81.0
    @4432.699999999: 0.90 Repeated hall call press
    @4509.820000000: 0.90 Repeated car call press
Passenger 142: INJECTED AT 4550.1s and DELIVERED in 35.186s
  Satisfaction score: 90.0
    @4580.400000000: 0.90 Repeated hall call press
Passenger 143: INJECTED AT 4559.9s and DELIVERED in 74.797s
  Satisfaction score: 100.0
Passenger 140: INJECTED AT 4448.9s and DELIVERED in 187.206s
  Satisfaction score: 81.0
    @4562.200000000: 0.90 Repeated hall call press
    @4631.446000000: 0.90 Repeated car call press
Passenger 141: INJECTED AT 4499.2s and DELIVERED in 153.572s
  Satisfaction score: 81.0
    @4613.100000000: 0.90 Repeated hall call press
    @4650.020000000: 0.90 Repeated car call press
Passenger 148: INJECTED AT 4651.6s and DELIVERED in 12.174s
  Satisfaction score: 100.0
Passenger 146: INJECTED AT 4624.8s and DELIVERED in 56.141s
  Satisfaction score: 81.0
    @4677.860000000: 0.90 Repeated car call press
    @4678.560000000: 0.90 Repeated car call press
Passenger 145: INJECTED AT 4614.8s and DELIVERED in 91.389s
  Satisfaction score: 59.049000000000014
    @4631.500000000: 0.90 Repeated hall call press
    @4632.000000000: 0.90 Repeated hall call press
    @4677.720000000: 0.90 Repeated hall call press
    @4678.620000000: 0.90 Repeated hall call press
    @4703.789000000: 0.90 Repeated car call press
Passenger 147: INJECTED AT 4630.7s and DELIVERED in 102.075s
  Satisfaction score: 65.61000000000001
    @4632.000000000: 0.90 Repeated hall call press
    @4677.720000000: 0.90 Repeated hall call press
    @4678.620000000: 0.90 Repeated hall call press
    @4729.540000000: 0.90 Repeated car call press
Passenger 144: INJECTED AT 4586.8s and DELIVERED in 182.811s
  Satisfaction score: 81.0
    @4747.900000000: 0.90 Repeated hall call press
    @4766.431000000: 0.90 Repeated car call press
Passenger 149: INJECTED AT 4706.7s and DELIVERED in 121.034s
  Satisfaction score: 72.9
    @4798.800000000: 0.90 Repeated hall call press
    @4824.934000000: 0.90 Repeated car call press
    @4825.634000000: 0.90 Repeated car call press

Passenger Delivery Summary
Delivered: 150
Stranded: 0
Total: 150

Deliver Stats (lower is better):
Average_delivery_time: 123.561
Maximum_delivery_time:  422.339
Delivery_performance_score:  916.583

Satisfaction Stats (higher is better):
Average_satisfaction_score: 74.660
Min_satisfaction_score:  2.531
Satisfaction_performance_score:  301.171




Network Utilization Summary:
Recent: 86.16 % Max: 86.16 %  Overall:  86.16 %

Monitors Warning Results: 
RuntimeMonitor generated 686 warnings.

Monitors Summmary Results: 
Overweight Count = 0
Wasted Openings = 8
Reversal Time = 25.85s

