
Simulator Parameters:
Command line = -pf ../acceptance_test/proj8group2acceptance1.pass -fs 5.0 -b 200 -rt 2h -monitor Proj11RuntimeMonitor
RandomSeed = 1355282390903
CanNetworkBitTime = 5000 ns
Effective Can Bitrate = 199999.99999999997
Run Time = 7200.0s
Real time rate = null
Acceptance Test File = ../acceptance_test/proj8group2acceptance1.pass
Monitors: Proj11RuntimeMonitor  

STATISTICS FOR ELEVATOR SIMULATION PASSENGER DELIVERY
-----------------------------------------------------


These passengers were delivered:
Passenger 0: INJECTED AT 60.0s and DELIVERED in 47.273s
  Satisfaction score: 100.0
Passenger 2: INJECTED AT 64.0s and DELIVERED in 114.022s
  Satisfaction score: 100.0
Passenger 4: INJECTED AT 90.0s and DELIVERED in 90.109s
  Satisfaction score: 100.0
Passenger 1: INJECTED AT 62.5s and DELIVERED in 119.157s
  Satisfaction score: 100.0
Passenger 7: INJECTED AT 205.5s and DELIVERED in 33.15s
  Satisfaction score: 100.0
Passenger 3: INJECTED AT 80.0s and DELIVERED in 182.272s
  Satisfaction score: 100.0
Passenger 5: INJECTED AT 200.0s and DELIVERED in 143.261s
  Satisfaction score: 100.0
Passenger 8: INJECTED AT 206.0s and DELIVERED in 153.582s
  Satisfaction score: 100.0
Passenger 6: INJECTED AT 205.0s and DELIVERED in 155.946s
  Satisfaction score: 100.0
Passenger 12: INJECTED AT 330.0s and DELIVERED in 32.841s
  Satisfaction score: 100.0
Passenger 11: INJECTED AT 327.0s and DELIVERED in 103.724s
  Satisfaction score: 100.0
Passenger 10: INJECTED AT 325.3s and DELIVERED in 106.688s
  Satisfaction score: 100.0
Passenger 9: INJECTED AT 300.0s and DELIVERED in 146.721s
  Satisfaction score: 100.0
Passenger 15: INJECTED AT 352.0s and DELIVERED in 182.628s
  Satisfaction score: 100.0
Passenger 13: INJECTED AT 340.0s and DELIVERED in 196.6s
  Satisfaction score: 100.0
Passenger 16: INJECTED AT 400.0s and DELIVERED in 138.086s
  Satisfaction score: 100.0
Passenger 14: INJECTED AT 350.0s and DELIVERED in 190.055s
  Satisfaction score: 100.0
Passenger 18: INJECTED AT 501.0s and DELIVERED in 42.15s
  Satisfaction score: 100.0
Passenger 17: INJECTED AT 500.0s and DELIVERED in 91.155s
  Satisfaction score: 100.0
Passenger 19: INJECTED AT 800.0s and DELIVERED in 55.756s
  Satisfaction score: 100.0

Passenger Delivery Summary
Delivered: 20
Stranded: 0
Total: 20

Deliver Stats (lower is better):
Average_delivery_time: 116.259
Maximum_delivery_time:  196.600
Delivery_performance_score:  661.635

Satisfaction Stats (higher is better):
Average_satisfaction_score: 100.000
Min_satisfaction_score:  100.000
Satisfaction_performance_score:  500.000




Network Utilization Summary:
Recent: 86.16 % Max: 86.16 %  Overall:  86.16 %

Monitors Warning Results: 
RuntimeMonitor generated 0 warnings.

Monitors Summmary Results: 
Overweight Count = 0
Wasted Openings = 4
Reversal Time = 24.15s

