
Simulator Parameters:
Command line = -pf ../acceptance_test/proj11acceptance2.pass -fs 5.0 -b 200 -rt 2h -monitor Proj11RuntimeMonitor
RandomSeed = 1355281665478
CanNetworkBitTime = 5000 ns
Effective Can Bitrate = 199999.99999999997
Run Time = 7200.0s
Real time rate = null
Acceptance Test File = ../acceptance_test/proj11acceptance2.pass
Monitors: Proj11RuntimeMonitor  

STATISTICS FOR ELEVATOR SIMULATION PASSENGER DELIVERY
-----------------------------------------------------


These passengers were delivered:
Passenger 2: INJECTED AT 0.0s and DELIVERED in 2.368s
  Satisfaction score: 100.0
Passenger 3: INJECTED AT 0.0s and DELIVERED in 3.074s
  Satisfaction score: 100.0
Passenger 1: INJECTED AT 0.0s and DELIVERED in 26.33s
  Satisfaction score: 100.0
Passenger 4: INJECTED AT 0.0s and DELIVERED in 57.519s
  Satisfaction score: 100.0
Passenger 0: INJECTED AT 0.0s and DELIVERED in 90.478s
  Satisfaction score: 100.0
Passenger 11: INJECTED AT 47.6s and DELIVERED in 42.996s
  Satisfaction score: 100.0
Passenger 9: INJECTED AT 30.8s and DELIVERED in 75.586s
  Satisfaction score: 100.0
Passenger 19: INJECTED AT 111.2s and DELIVERED in 36.377s
  Satisfaction score: 100.0
Passenger 6: INJECTED AT 7.0s and DELIVERED in 142.061s
  Satisfaction score: 100.0
Passenger 5: INJECTED AT 5.0s and DELIVERED in 158.9s
  Satisfaction score: 100.0
Passenger 13: INJECTED AT 65.2s and DELIVERED in 100.111s
  Satisfaction score: 100.0
Passenger 16: INJECTED AT 88.5s and DELIVERED in 114.586s
  Satisfaction score: 100.0
Passenger 7: INJECTED AT 9.6s and DELIVERED in 210.243s
  Satisfaction score: 100.0
Passenger 10: INJECTED AT 37.0s and DELIVERED in 184.612s
  Satisfaction score: 100.0
Passenger 22: INJECTED AT 128.199999999s and DELIVERED in 108.035000001s
  Satisfaction score: 100.0
Passenger 21: INJECTED AT 125.4s and DELIVERED in 112.201s
  Satisfaction score: 100.0
Passenger 14: INJECTED AT 66.099999999s and DELIVERED in 173.654000001s
  Satisfaction score: 100.0
Passenger 8: INJECTED AT 14.4s and DELIVERED in 238.448s
  Satisfaction score: 100.0
Passenger 25: INJECTED AT 156.4s and DELIVERED in 103.288s
  Satisfaction score: 100.0
Passenger 30: INJECTED AT 199.0s and DELIVERED in 84.862s
  Satisfaction score: 50.0
    @256.542000000: 0.50 Failed to exit at 1, FRONT even though the doors opened.
Passenger 24: INJECTED AT 138.4s and DELIVERED in 185.695s
  Satisfaction score: 100.0
Passenger 32: INJECTED AT 224.5s and DELIVERED in 157.725s
  Satisfaction score: 100.0
Passenger 23: INJECTED AT 132.699999999s and DELIVERED in 265.971000001s
  Satisfaction score: 100.0
Passenger 12: INJECTED AT 53.4s and DELIVERED in 361.997s
  Satisfaction score: 100.0
Passenger 15: INJECTED AT 82.6s and DELIVERED in 354.899s
  Satisfaction score: 100.0
Passenger 18: INJECTED AT 106.5s and DELIVERED in 331.149s
  Satisfaction score: 100.0
Passenger 41: INJECTED AT 305.4s and DELIVERED in 133.482s
  Satisfaction score: 100.0
Passenger 20: INJECTED AT 117.8s and DELIVERED in 321.958s
  Satisfaction score: 100.0
Passenger 27: INJECTED AT 187.7s and DELIVERED in 253.702s
  Satisfaction score: 100.0
Passenger 26: INJECTED AT 171.6s and DELIVERED in 271.717s
  Satisfaction score: 100.0
Passenger 42: INJECTED AT 314.1s and DELIVERED in 154.31s
  Satisfaction score: 50.0
    @444.870000000: 0.50 Failed to exit at 7, BACK even though the doors opened.
Passenger 29: INJECTED AT 194.1s and DELIVERED in 291.021s
  Satisfaction score: 100.0
Passenger 36: INJECTED AT 266.5s and DELIVERED in 220.658s
  Satisfaction score: 100.0
Passenger 17: INJECTED AT 93.7s and DELIVERED in 395.357s
  Satisfaction score: 100.0
Passenger 28: INJECTED AT 191.3s and DELIVERED in 300.009s
  Satisfaction score: 100.0
Passenger 31: INJECTED AT 218.4s and DELIVERED in 323.586s
  Satisfaction score: 100.0
Passenger 45: INJECTED AT 342.3s and DELIVERED in 206.116s
  Satisfaction score: 100.0
Passenger 50: INJECTED AT 401.8s and DELIVERED in 197.287s
  Satisfaction score: 100.0
Passenger 39: INJECTED AT 298.0s and DELIVERED in 302.825s
  Satisfaction score: 100.0
Passenger 40: INJECTED AT 299.0s and DELIVERED in 317.792s
  Satisfaction score: 100.0
Passenger 52: INJECTED AT 421.0s and DELIVERED in 211.357s
  Satisfaction score: 100.0
Passenger 33: INJECTED AT 236.6s and DELIVERED in 397.87s
  Satisfaction score: 100.0
Passenger 44: INJECTED AT 339.1s and DELIVERED in 333.576s
  Satisfaction score: 100.0
Passenger 43: INJECTED AT 333.9s and DELIVERED in 339.078s
  Satisfaction score: 100.0
Passenger 37: INJECTED AT 271.0s and DELIVERED in 403.074s
  Satisfaction score: 100.0
Passenger 54: INJECTED AT 449.9s and DELIVERED in 224.727s
  Satisfaction score: 100.0
Passenger 55: INJECTED AT 452.4s and DELIVERED in 223.742s
  Satisfaction score: 100.0
Passenger 49: INJECTED AT 382.1s and DELIVERED in 297.312s
  Satisfaction score: 100.0
Passenger 48: INJECTED AT 363.0s and DELIVERED in 320.076s
  Satisfaction score: 100.0
Passenger 51: INJECTED AT 419.5s and DELIVERED in 301.204s
  Satisfaction score: 100.0
Passenger 47: INJECTED AT 357.7s and DELIVERED in 364.418s
  Satisfaction score: 100.0
Passenger 38: INJECTED AT 286.3s and DELIVERED in 439.602s
  Satisfaction score: 100.0
Passenger 34: INJECTED AT 238.3s and DELIVERED in 523.353s
  Satisfaction score: 100.0
Passenger 46: INJECTED AT 356.1s and DELIVERED in 454.625s
  Satisfaction score: 100.0
Passenger 53: INJECTED AT 437.4s and DELIVERED in 374.428s
  Satisfaction score: 100.0
Passenger 35: INJECTED AT 247.9s and DELIVERED in 564.329s
  Satisfaction score: 100.0

Passenger Delivery Summary
Delivered: 56
Stranded: 0
Total: 56

Deliver Stats (lower is better):
Average_delivery_time: 235.460
Maximum_delivery_time:  564.329
Delivery_performance_score:  1506.169

Satisfaction Stats (higher is better):
Average_satisfaction_score: 98.214
Min_satisfaction_score:  50.000
Satisfaction_performance_score:  442.857




Network Utilization Summary:
Recent: 86.15 % Max: 86.15 %  Overall:  86.15 %

Monitors Warning Results: 
RuntimeMonitor generated 0 warnings.

Monitors Summmary Results: 
Overweight Count = 2
Wasted Openings = 8
Reversal Time = 251.57s

