18649-Fall-2012
group #2
Nipunn Koorapati (nkoorapa)
Jacob Olson (jholson)
Nick Mazurek (nmazurek)
Benet Clark (brclark)

Simulator Parameters:
Command line = -pf proj11acceptance3.pass -head head.txt -b 200 -fs 5.0 -monitor Proj11RuntimeMonitor
RandomSeed = 1354317906824
CanNetworkBitTime = 5000 ns
Effective Can Bitrate = 199999.99999999997
Run Time = null
Real time rate = null
Acceptance Test File = proj11acceptance3.pass
Monitors: Proj11RuntimeMonitor  

STATISTICS FOR ELEVATOR SIMULATION PASSENGER DELIVERY
-----------------------------------------------------


These passengers were delivered:
Passenger 3: INJECTED AT 0.0s and DELIVERED in 25.998s
  Satisfaction score: 90.0
    @23.300000000: 0.90 Repeated car call press
Passenger 1: INJECTED AT 0.0s and DELIVERED in 45.312s
  Satisfaction score: 90.0
    @41.900000000: 0.90 Repeated car call press
Passenger 4: INJECTED AT 0.0s and DELIVERED in 63.646s
  Satisfaction score: 90.0
    @60.220000000: 0.90 Repeated car call press
Passenger 2: INJECTED AT 0.0s and DELIVERED in 88.687s
  Satisfaction score: 90.0
    @86.060000000: 0.90 Repeated car call press
Passenger 0: INJECTED AT 0.0s and DELIVERED in 90.595s
  Satisfaction score: 90.0
    @86.060000000: 0.90 Repeated car call press
Passenger 15: INJECTED AT 123.2s and DELIVERED in 57.924s
  Satisfaction score: 90.0
    @159.900000000: 0.90 Repeated hall call press
Passenger 8: INJECTED AT 30.8s and DELIVERED in 151.631s
  Satisfaction score: 72.9
    @41.900000000: 0.90 Repeated hall call press
    @61.720000000: 0.90 Repeated hall call press
    @141.420000000: 0.90 Repeated hall call press
Passenger 9: INJECTED AT 42.5s and DELIVERED in 141.14s
  Satisfaction score: 81.0
    @104.600000000: 0.90 Repeated hall call press
    @178.420000000: 0.90 Repeated car call press
Passenger 13: INJECTED AT 90.9s and DELIVERED in 109.265s
  Satisfaction score: 81.0
    @178.400000000: 0.90 Repeated hall call press
    @196.845000000: 0.90 Repeated car call press
Passenger 14: INJECTED AT 104.6s and DELIVERED in 113.606s
  Satisfaction score: 100.0
Passenger 5: INJECTED AT 5.0s and DELIVERED in 213.417s
  Satisfaction score: 53.144100000000016
    @60.300000000: 0.90 Repeated hall call press
    @61.000000000: 0.90 Repeated hall call press
    @80.160000000: 0.90 Repeated hall call press
    @123.060000000: 0.90 Repeated hall call press
    @123.760000000: 0.90 Repeated hall call press
    @215.540000000: 0.90 Repeated car call press
Passenger 22: INJECTED AT 188.2s and DELIVERED in 31.257s
  Satisfaction score: 81.0
    @215.437000000: 0.90 Repeated car call press
    @216.137000000: 0.90 Repeated car call press
Passenger 12: INJECTED AT 77.3s and DELIVERED in 142.887s
  Satisfaction score: 90.0
    @197.000000000: 0.90 Repeated hall call press
Passenger 6: INJECTED AT 11.3s and DELIVERED in 225.407s
  Satisfaction score: 72.9
    @215.600000000: 0.90 Repeated hall call press
    @233.727000000: 0.90 Repeated car call press
    @234.627000000: 0.90 Repeated car call press
Passenger 25: INJECTED AT 213.2s and DELIVERED in 27.926s
  Satisfaction score: 90.0
    @234.500000000: 0.90 Repeated hall call press
Passenger 7: INJECTED AT 14.4s and DELIVERED in 241.04s
  Satisfaction score: 59.049000000000014
    @196.900000000: 0.90 Repeated hall call press
    @197.600000000: 0.90 Repeated hall call press
    @233.740000000: 0.90 Repeated hall call press
    @234.440000000: 0.90 Repeated hall call press
    @252.420000000: 0.90 Repeated car call press
Passenger 24: INJECTED AT 211.0s and DELIVERED in 80.935s
  Satisfaction score: 72.9
    @270.900000000: 0.90 Repeated hall call press
    @289.215000000: 0.90 Repeated car call press
    @289.715000000: 0.90 Repeated car call press
Passenger 11: INJECTED AT 59.1s and DELIVERED in 252.135s
  Satisfaction score: 72.9
    @198.320000000: 0.90 Repeated hall call press
    @252.420000000: 0.90 Repeated hall call press
    @307.740000000: 0.90 Repeated car call press
Passenger 20: INJECTED AT 170.1s and DELIVERED in 144.764s
  Satisfaction score: 81.0
    @307.800000000: 0.90 Repeated hall call press
    @308.700000000: 0.90 Repeated hall call press
Passenger 10: INJECTED AT 49.2s and DELIVERED in 280.299s
  Satisfaction score: 65.61000000000001
    @178.500000000: 0.90 Repeated hall call press
    @198.320000000: 0.90 Repeated hall call press
    @252.420000000: 0.90 Repeated hall call press
    @326.599000000: 0.90 Repeated car call press
Passenger 18: INJECTED AT 156.5s and DELIVERED in 191.38s
  Satisfaction score: 90.0
    @326.600000000: 0.90 Repeated hall call press
Passenger 21: INJECTED AT 174.8s and DELIVERED in 175.244s
  Satisfaction score: 81.0
    @307.900000000: 0.90 Repeated hall call press
    @308.600000000: 0.90 Repeated hall call press
Passenger 26: INJECTED AT 224.4s and DELIVERED in 127.283s
  Satisfaction score: 90.0
    @308.700000000: 0.90 Repeated hall call press
Passenger 23: INJECTED AT 207.1s and DELIVERED in 146.169s
  Satisfaction score: 90.0
    @344.820000000: 0.90 Repeated car call press
Passenger 34: INJECTED AT 307.5s and DELIVERED in 84.013s
  Satisfaction score: 72.9
    @346.160000000: 0.90 Repeated hall call press
    @363.260000000: 0.90 Repeated hall call press
    @388.873000000: 0.90 Repeated car call press
Passenger 16: INJECTED AT 138.3s and DELIVERED in 272.547s
  Satisfaction score: 72.9
    @363.200000000: 0.90 Repeated hall call press
    @407.380000000: 0.90 Repeated car call press
    @408.280000000: 0.90 Repeated car call press
Passenger 32: INJECTED AT 292.1s and DELIVERED in 120.455s
  Satisfaction score: 65.61000000000001
    @346.160000000: 0.90 Repeated hall call press
    @363.260000000: 0.90 Repeated hall call press
    @407.380000000: 0.90 Repeated car call press
    @408.280000000: 0.90 Repeated car call press
Passenger 29: INJECTED AT 260.8s and DELIVERED in 168.789s
  Satisfaction score: 81.0
    @426.020000000: 0.90 Repeated car call press
    @426.720000000: 0.90 Repeated car call press
Passenger 17: INJECTED AT 151.5s and DELIVERED in 296.819s
  Satisfaction score: 81.0
    @364.000000000: 0.90 Repeated hall call press
    @444.639000000: 0.90 Repeated car call press
Passenger 36: INJECTED AT 328.7s and DELIVERED in 123.216s
  Satisfaction score: 100.0
Passenger 19: INJECTED AT 159.8s and DELIVERED in 306.405s
  Satisfaction score: 65.61000000000001
    @326.500000000: 0.90 Repeated hall call press
    @346.160000000: 0.90 Repeated hall call press
    @363.260000000: 0.90 Repeated hall call press
    @463.220000000: 0.90 Repeated car call press
Passenger 27: INJECTED AT 239.4s and DELIVERED in 227.123s
  Satisfaction score: 81.0
    @444.700000000: 0.90 Repeated hall call press
    @463.383000000: 0.90 Repeated car call press
Passenger 31: INJECTED AT 280.6s and DELIVERED in 187.626s
  Satisfaction score: 72.9
    @289.300000000: 0.90 Repeated hall call press
    @309.140000000: 0.90 Repeated hall call press
    @388.840000000: 0.90 Repeated hall call press
Passenger 30: INJECTED AT 272.0s and DELIVERED in 200.472s
  Satisfaction score: 100.0
Passenger 28: INJECTED AT 251.2s and DELIVERED in 223.266s
  Satisfaction score: 90.0
    @463.300000000: 0.90 Repeated hall call press
Passenger 49: INJECTED AT 479.3s and DELIVERED in 3.49s
  Satisfaction score: 100.0
Passenger 33: INJECTED AT 295.7s and DELIVERED in 214.579s
  Satisfaction score: 90.0
    @507.239000000: 0.90 Repeated car call press
Passenger 50: INJECTED AT 498.0s and DELIVERED in 32.654s
  Satisfaction score: 90.0
    @525.900000000: 0.90 Repeated hall call press
Passenger 37: INJECTED AT 342.7s and DELIVERED in 222.839s
  Satisfaction score: 65.61000000000001
    @444.600000000: 0.90 Repeated hall call press
    @464.520000000: 0.90 Repeated hall call press
    @507.220000000: 0.90 Repeated hall call press
    @562.660000000: 0.90 Repeated car call press
Passenger 43: INJECTED AT 424.7s and DELIVERED in 142.78s
  Satisfaction score: 90.0
    @544.400000000: 0.90 Repeated hall call press
Passenger 53: INJECTED AT 511.2s and DELIVERED in 72.91s
  Satisfaction score: 90.0
    @581.340000000: 0.90 Repeated car call press
Passenger 51: INJECTED AT 501.6s and DELIVERED in 85.244s
  Satisfaction score: 100.0
Passenger 41: INJECTED AT 393.6s and DELIVERED in 197.06s
  Satisfaction score: 90.0
    @581.500000000: 0.90 Repeated hall call press
Passenger 45: INJECTED AT 442.2s and DELIVERED in 161.16s
  Satisfaction score: 90.0
    @600.720000000: 0.90 Repeated car call press
Passenger 44: INJECTED AT 432.8s and DELIVERED in 170.76s
  Satisfaction score: 81.0
    @463.300000000: 0.90 Repeated hall call press
    @600.100000000: 0.90 Repeated car call press
Passenger 39: INJECTED AT 359.4s and DELIVERED in 245.916s
  Satisfaction score: 65.61000000000001
    @464.520000000: 0.90 Repeated hall call press
    @507.220000000: 0.90 Repeated hall call press
    @600.020000000: 0.90 Repeated car call press
    @600.720000000: 0.90 Repeated car call press
Passenger 35: INJECTED AT 320.8s and DELIVERED in 300.84s
  Satisfaction score: 72.9
    @581.500000000: 0.90 Repeated hall call press
    @582.200000000: 0.90 Repeated hall call press
    @619.360000000: 0.90 Repeated car call press
Passenger 38: INJECTED AT 349.5s and DELIVERED in 274.07s
  Satisfaction score: 59.049000000000014
    @407.400000000: 0.90 Repeated hall call press
    @408.100000000: 0.90 Repeated hall call press
    @544.320000000: 0.90 Repeated hall call press
    @618.660000000: 0.90 Repeated car call press
    @619.360000000: 0.90 Repeated car call press
Passenger 40: INJECTED AT 374.8s and DELIVERED in 284.201s
  Satisfaction score: 72.9
    @600.100000000: 0.90 Repeated hall call press
    @636.960000000: 0.90 Repeated hall call press
    @655.681000000: 0.90 Repeated car call press
Passenger 55: INJECTED AT 527.7s and DELIVERED in 157.33s
  Satisfaction score: 65.61000000000001
    @601.320000000: 0.90 Repeated hall call press
    @655.620000000: 0.90 Repeated hall call press
    @681.510000000: 0.90 Repeated car call press
    @682.210000000: 0.90 Repeated car call press
Passenger 48: INJECTED AT 465.7s and DELIVERED in 236.945s
  Satisfaction score: 59.049000000000014
    @544.400000000: 0.90 Repeated hall call press
    @564.060000000: 0.90 Repeated hall call press
    @681.560000000: 0.90 Repeated hall call press
    @700.005000000: 0.90 Repeated car call press
    @700.905000000: 0.90 Repeated car call press
Passenger 46: INJECTED AT 451.3s and DELIVERED in 289.234s
  Satisfaction score: 65.61000000000001
    @507.200000000: 0.90 Repeated hall call press
    @527.200000000: 0.90 Repeated hall call press
    @718.700000000: 0.90 Repeated hall call press
    @737.334000000: 0.90 Repeated car call press
Passenger 42: INJECTED AT 405.8s and DELIVERED in 334.808s
  Satisfaction score: 81.0
    @601.320000000: 0.90 Repeated hall call press
    @655.620000000: 0.90 Repeated hall call press
Passenger 47: INJECTED AT 460.6s and DELIVERED in 282.074s
  Satisfaction score: 59.049000000000014
    @600.100000000: 0.90 Repeated hall call press
    @619.760000000: 0.90 Repeated hall call press
    @637.060000000: 0.90 Repeated hall call press
    @637.760000000: 0.90 Repeated hall call press
    @737.260000000: 0.90 Repeated car call press
Passenger 52: INJECTED AT 508.1s and DELIVERED in 283.379s
  Satisfaction score: 72.9
    @718.800000000: 0.90 Repeated hall call press
    @738.560000000: 0.90 Repeated hall call press
    @755.860000000: 0.90 Repeated hall call press
Passenger 54: INJECTED AT 512.1s and DELIVERED in 281.5s
  Satisfaction score: 65.61000000000001
    @718.800000000: 0.90 Repeated hall call press
    @738.560000000: 0.90 Repeated hall call press
    @755.860000000: 0.90 Repeated hall call press
    @788.400000000: 0.90 Repeated car call press

Passenger Delivery Summary
Delivered: 56
Stranded: 0
Total: 56

Deliver Stats (lower is better):
Average_delivery_time: 172.365
Maximum_delivery_time:  334.808
Delivery_performance_score:  1024.269

Satisfaction Stats (higher is better):
Average_satisfaction_score: 79.879
Min_satisfaction_score:  53.144
Satisfaction_performance_score:  372.660




Network Utilization Summary:
Recent: 86.15 % Max: 86.15 %  Overall:  86.15 %

Monitors Warning Results: 
RuntimeMonitor generated 136 warnings.

Monitors Summmary Results: 
Overweight Count = 0
Wasted Openings = 3
Reversal Time = 26.18s

